Change component parameters: Designator = "C7" ("C7"); Footprint = "0402C-TBD"; UniqueID = "\GALJUEZA\XXOLKGAP" ("\GALJUEZA\XXOLKGAP")
Change component parameters (AddParameter): Name = "Reel"; Value = "C47"; VariantName = "[No Variations]"
Change component parameters: Designator = "C8" ("C8"); Footprint = "0402C-GENERIC"; UniqueID = "\GALJUEZA\OJKNBJEU" ("\GALJUEZA\OJKNBJEU")
Change component parameters (AddParameter): Name = "Reel"; Value = "C47"; VariantName = "[No Variations]"
Change component parameters: Designator = "C9" ("C9"); Footprint = "0402C-TBD"; UniqueID = "\GALJUEZA\EJGKTZOK" ("\GALJUEZA\EJGKTZOK")
Change component parameters (AddParameter): Name = "Reel"; Value = "C47"; VariantName = "[No Variations]"
Change component parameters: Designator = "C10" ("C10"); Footprint = "0402C-GENERIC"; UniqueID = "\GALJUEZA\ESYMADFU" ("\GALJUEZA\ESYMADFU")
Change component parameters (AddParameter): Name = "Reel"; Value = "C47"; VariantName = "[No Variations]"
Change component parameters: Designator = "C14" ("C14"); Footprint = "0402C-GENERIC"; UniqueID = "\GALJUEZA\DPKUSIIO" ("\GALJUEZA\DPKUSIIO")
Change component parameters (AddParameter): Name = "Reel"; Value = "C47"; VariantName = "[No Variations]"
Change component parameters: Designator = "L1" ("L1"); Footprint = "INDC2016X18N"; UniqueID = "\GALJUEZA\BORILECI" ("\GALJUEZA\BORILECI")
Change component parameters (AddParameter): Name = "Availability"; Value = "Unavailable"; VariantName = "[No Variations]"
Change component parameters (AddParameter): Name = "MF"; Value = ""; VariantName = "[No Variations]"
Change component parameters (AddParameter): Name = "MP"; Value = "LQM2MPN4R7NG0L"; VariantName = "[No Variations]"
Change component parameters (AddParameter): Name = "Package"; Value = "None"; VariantName = "[No Variations]"
Change component parameters (AddParameter): Name = "Price"; Value = "None"; VariantName = "[No Variations]"
Change component parameters (AddParameter): Name = "Value"; Value = ""; VariantName = "[No Variations]"
Change component parameters: Designator = "L2" ("L2"); Footprint = "INDC2016X18N"; UniqueID = "\GALJUEZA\EFYWAONI" ("\GALJUEZA\EFYWAONI")
Change component parameters (AddParameter): Name = "Availability"; Value = "Unavailable"; VariantName = "[No Variations]"
Change component parameters (AddParameter): Name = "MF"; Value = ""; VariantName = "[No Variations]"
Change component parameters (AddParameter): Name = "MP"; Value = "LQM2MPN4R7NG0L"; VariantName = "[No Variations]"
Change component parameters (AddParameter): Name = "Package"; Value = "None"; VariantName = "[No Variations]"
Change component parameters (AddParameter): Name = "Price"; Value = "None"; VariantName = "[No Variations]"
Change component parameters (AddParameter): Name = "Value"; Value = ""; VariantName = "[No Variations]"
Added Pin To Net: NetName=1V8 Pin=C7-1
Added Pin To Net: NetName=1V8 Pin=L1-2
Added Pin To Net: NetName=1V8 Pin=R14-1
Added Pin To Net: NetName=1V8 Pin=TP4-1
Added Pin To Net: NetName=1V8 Pin=U4-D1
Added Net: Name=1V8
Added Pin To Net: NetName=3.3VDD Pin=C9-1
Added Pin To Net: NetName=3.3VDD Pin=C17-1
Added Pin To Net: NetName=3.3VDD Pin=C18-1
Added Pin To Net: NetName=3.3VDD Pin=C19-1
Added Pin To Net: NetName=3.3VDD Pin=C20-1
Added Pin To Net: NetName=3.3VDD Pin=C21-1
Added Pin To Net: NetName=3.3VDD Pin=C22-1
Added Pin To Net: NetName=3.3VDD Pin=C23-1
Added Pin To Net: NetName=3.3VDD Pin=P1-1
Added Pin To Net: NetName=3.3VDD Pin=R16-1
Added Pin To Net: NetName=3.3VDD Pin=R17-2
Added Pin To Net: NetName=3.3VDD Pin=STM32-11
Added Pin To Net: NetName=3.3VDD Pin=STM32-28
Added Pin To Net: NetName=3.3VDD Pin=STM32-41
Added Pin To Net: NetName=3.3VDD Pin=STM32-44
Added Pin To Net: NetName=3.3VDD Pin=STM32-46
Added Pin To Net: NetName=3.3VDD Pin=TP7-1
Added Pin To Net: NetName=3.3VDD Pin=U3-2
Added Pin To Net: NetName=3.3VDD Pin=U4-A3
Added Net: Name=3.3VDD
Added Pin To Net: NetName=\R\E\S\E\T\ Pin=TP9-1
Added Pin To Net: NetName=\R\E\S\E\T\ Pin=U4-E3
Added Net: Name=\R\E\S\E\T\
Added Pin To Net: NetName=ADP_INT Pin=STM32-16
Added Pin To Net: NetName=ADP_INT Pin=U4-A6
Added Net: Name=ADP_INT
Added Pin To Net: NetName=ADXL362_CS Pin=STM32-33
Added Pin To Net: NetName=ADXL362_CS Pin=U1-8
Added Pin To Net: NetName=ADXL362_CS Pin=U3-3
Added Pin To Net: NetName=ADXL362_CS Pin=U4-A5
Added Net: Name=ADXL362_CS
Added Pin To Net: NetName=ADXL362_INT1 Pin=STM32-31
Added Pin To Net: NetName=ADXL362_INT1 Pin=U1-11
Added Net: Name=ADXL362_INT1
Added Pin To Net: NetName=ADXL372_CS Pin=STM32-5
Added Pin To Net: NetName=ADXL372_CS Pin=U2-8
Added Net: Name=ADXL372_CS
Added Pin To Net: NetName=ADXL372_INT1 Pin=STM32-34
Added Pin To Net: NetName=ADXL372_INT1 Pin=U2-11
Added Net: Name=ADXL372_INT1
Added Pin To Net: NetName=BSNS Pin=C14-1
Added Pin To Net: NetName=BSNS Pin=STM32-37
Added Pin To Net: NetName=BSNS Pin=SW2-1
Added Pin To Net: NetName=BSNS Pin=TP13-1
Added Pin To Net: NetName=BSNS Pin=U4-C6
Added Pin To Net: NetName=BSNS Pin=U4-D6
Added Net: Name=BSNS
Added Pin To Net: NetName=EN1 Pin=R6-2
Added Pin To Net: NetName=EN1 Pin=U4-E2
Added Net: Name=EN1
Added Pin To Net: NetName=EN2 Pin=R10-2
Added Pin To Net: NetName=EN2 Pin=U4-B4
Added Net: Name=EN2
Added Pin To Net: NetName=ENCHG Pin=R5-2
Added Pin To Net: NetName=ENCHG Pin=U4-F3
Added Net: Name=ENCHG
Added Pin To Net: NetName=ENSD Pin=R8-2
Added Pin To Net: NetName=ENSD Pin=R11-1
Added Pin To Net: NetName=ENSD Pin=U4-B3
Added Net: Name=ENSD
Added Pin To Net: NetName=ICS Pin=R13-1
Added Pin To Net: NetName=ICS Pin=U4-E5
Added Net: Name=ICS
Added Pin To Net: NetName=ILIM Pin=R12-1
Added Pin To Net: NetName=ILIM Pin=U4-D5
Added Net: Name=ILIM
Added Pin To Net: NetName=JTCK-SWCLK Pin=P1-4
Added Pin To Net: NetName=JTCK-SWCLK Pin=STM32-42
Added Pin To Net: NetName=JTCK-SWCLK Pin=TP2-1
Added Net: Name=JTCK-SWCLK
Added Pin To Net: NetName=JTMS-SWDIO Pin=P1-2
Added Pin To Net: NetName=JTMS-SWDIO Pin=STM32-36
Added Pin To Net: NetName=JTMS-SWDIO Pin=TP1-1
Added Net: Name=JTMS-SWDIO
Added Pin To Net: NetName=MISO Pin=STM32-2
Added Pin To Net: NetName=MISO Pin=U1-7
Added Pin To Net: NetName=MISO Pin=U2-7
Added Net: Name=MISO
Added Pin To Net: NetName=MOSI Pin=STM32-3
Added Pin To Net: NetName=MOSI Pin=U1-6
Added Pin To Net: NetName=MOSI Pin=U2-6
Added Net: Name=MOSI
Added Pin To Net: NetName=MR Pin=R9-2
Added Pin To Net: NetName=MR Pin=TP10-1
Added Pin To Net: NetName=MR Pin=U4-E4
Added Net: Name=MR
Added Pin To Net: NetName=Net*1_1 Pin=C25-2
Added Pin To Net: NetName=Net*1_1 Pin=L4-1
Added Net: Name=Net*1_1
Added Pin To Net: NetName=NetC1_1 Pin=C1-1
Added Pin To Net: NetName=NetC1_1 Pin=C2-1
Added Pin To Net: NetName=NetC1_1 Pin=U1-1
Added Pin To Net: NetName=NetC1_1 Pin=U1-14
Added Net: Name=NetC1_1
Added Pin To Net: NetName=NetC3_1 Pin=C3-1
Added Pin To Net: NetName=NetC3_1 Pin=C4-1
Added Pin To Net: NetName=NetC3_1 Pin=U2-1
Added Pin To Net: NetName=NetC3_1 Pin=U2-14
Added Net: Name=NetC3_1
Added Pin To Net: NetName=NetC5_1 Pin=C5-1
Added Pin To Net: NetName=NetC5_1 Pin=C6-1
Added Pin To Net: NetName=NetC5_1 Pin=U3-6
Added Pin To Net: NetName=NetC5_1 Pin=U3-8
Added Net: Name=NetC5_1
Added Pin To Net: NetName=NetC8_1 Pin=C8-1
Added Pin To Net: NetName=NetC8_1 Pin=R1-1
Added Pin To Net: NetName=NetC8_1 Pin=U4-F2
Added Net: Name=NetC8_1
Added Pin To Net: NetName=NetC10_1 Pin=C10-1
Added Pin To Net: NetName=NetC10_1 Pin=R7-1
Added Pin To Net: NetName=NetC10_1 Pin=U4-C1
Added Net: Name=NetC10_1
Added Pin To Net: NetName=NetC25_1 Pin=C25-1
Added Pin To Net: NetName=NetC25_1 Pin=J2-1
Added Net: Name=NetC25_1
Added Pin To Net: NetName=NetC26_2 Pin=C26-2
Added Pin To Net: NetName=NetC26_2 Pin=J2-3
Added Net: Name=NetC26_2
Added Pin To Net: NetName=NetD1_2 Pin=D1-2
Added Pin To Net: NetName=NetD1_2 Pin=R16-2
Added Net: Name=NetD1_2
Added Pin To Net: NetName=NetDS1_1 Pin=DS1-1
Added Pin To Net: NetName=NetDS1_1 Pin=R17-1
Added Net: Name=NetDS1_1
Added Pin To Net: NetName=NetDS1_2 Pin=DS1-2
Added Pin To Net: NetName=NetDS1_2 Pin=Q2-C
Added Net: Name=NetDS1_2
Added Pin To Net: NetName=NetL3_1 Pin=L3-1
Added Pin To Net: NetName=NetL3_1 Pin=SB1-2
Added Net: Name=NetL3_1
Added Pin To Net: NetName=NetQ1_1 Pin=Q1-1
Added Pin To Net: NetName=NetQ1_1 Pin=R15-1
Added Pin To Net: NetName=NetQ1_1 Pin=SW2-3
Added Net: Name=NetQ1_1
Added Pin To Net: NetName=NetQ1_3 Pin=Q1-3
Added Pin To Net: NetName=NetQ1_3 Pin=R14-2
Added Net: Name=NetQ1_3
Added Pin To Net: NetName=NRST Pin=C27-1
Added Pin To Net: NetName=NRST Pin=STM32-18
Added Pin To Net: NetName=NRST Pin=SW3-1
Added Pin To Net: NetName=NRST Pin=SW3-1
Added Net: Name=NRST
Added Pin To Net: NetName=OSC_IN Pin=STM32-26
Added Pin To Net: NetName=OSC_IN Pin=Y1-1
Added Net: Name=OSC_IN
Added Pin To Net: NetName=OSC_OUT Pin=STM32-27
Added Pin To Net: NetName=OSC_OUT Pin=Y1-3
Added Net: Name=OSC_OUT
Added Pin To Net: NetName=PA0 Pin=C1-2
Added Pin To Net: NetName=PA0 Pin=C2-2
Added Pin To Net: NetName=PA0 Pin=C3-2
Added Pin To Net: NetName=PA0 Pin=C5-2
Added Pin To Net: NetName=PA0 Pin=C6-2
Added Pin To Net: NetName=PA0 Pin=C7-2
Added Pin To Net: NetName=PA0 Pin=C8-2
Added Pin To Net: NetName=PA0 Pin=C9-2
Added Pin To Net: NetName=PA0 Pin=C10-2
Added Pin To Net: NetName=PA0 Pin=C11-2
Added Pin To Net: NetName=PA0 Pin=C12-2
Added Pin To Net: NetName=PA0 Pin=C13-2
Added Pin To Net: NetName=PA0 Pin=C14-2
Added Pin To Net: NetName=PA0 Pin=C15-2
Added Pin To Net: NetName=PA0 Pin=C16-2
Added Pin To Net: NetName=PA0 Pin=C17-2
Added Pin To Net: NetName=PA0 Pin=C18-2
Added Pin To Net: NetName=PA0 Pin=C19-2
Added Pin To Net: NetName=PA0 Pin=C20-2
Added Pin To Net: NetName=PA0 Pin=C21-2
Added Pin To Net: NetName=PA0 Pin=C22-2
Added Pin To Net: NetName=PA0 Pin=C23-2
Added Pin To Net: NetName=PA0 Pin=C24-2
Added Pin To Net: NetName=PA0 Pin=C27-2
Added Pin To Net: NetName=PA0 Pin=J1-1
Added Pin To Net: NetName=PA0 Pin=J2-2
Added Pin To Net: NetName=PA0 Pin=J2-2
Added Pin To Net: NetName=PA0 Pin=J2-2
Added Pin To Net: NetName=PA0 Pin=J2-2
Added Pin To Net: NetName=PA0 Pin=J3-2
Added Pin To Net: NetName=PA0 Pin=J3-3
Added Pin To Net: NetName=PA0 Pin=J3-4
Added Pin To Net: NetName=PA0 Pin=J3-5
Added Pin To Net: NetName=PA0 Pin=P1-3
Added Pin To Net: NetName=PA0 Pin=P1-5
Added Pin To Net: NetName=PA0 Pin=P1-9
Added Pin To Net: NetName=PA0 Pin=Q1-2
Added Pin To Net: NetName=PA0 Pin=Q2-E
Added Pin To Net: NetName=PA0 Pin=Q3-E
Added Pin To Net: NetName=PA0 Pin=R2-2
Added Pin To Net: NetName=PA0 Pin=R10-1
Added Pin To Net: NetName=PA0 Pin=R11-2
Added Pin To Net: NetName=PA0 Pin=R12-2
Added Pin To Net: NetName=PA0 Pin=R13-2
Added Pin To Net: NetName=PA0 Pin=R15-2
Added Pin To Net: NetName=PA0 Pin=STM32-6
Added Pin To Net: NetName=PA0 Pin=STM32-7
Added Pin To Net: NetName=PA0 Pin=STM32-9
Added Pin To Net: NetName=PA0 Pin=STM32-10
Added Pin To Net: NetName=PA0 Pin=STM32-12
Added Pin To Net: NetName=PA0 Pin=STM32-13
Added Pin To Net: NetName=PA0 Pin=STM32-14
Added Pin To Net: NetName=PA0 Pin=STM32-15
Added Pin To Net: NetName=PA0 Pin=STM32-19
Added Pin To Net: NetName=PA0 Pin=STM32-20
Added Pin To Net: NetName=PA0 Pin=STM32-21
Added Pin To Net: NetName=PA0 Pin=STM32-30
Added Pin To Net: NetName=PA0 Pin=STM32-32
Added Pin To Net: NetName=PA0 Pin=STM32-35
Added Pin To Net: NetName=PA0 Pin=STM32-38
Added Pin To Net: NetName=PA0 Pin=STM32-39
Added Pin To Net: NetName=PA0 Pin=STM32-40
Added Pin To Net: NetName=PA0 Pin=STM32-43
Added Pin To Net: NetName=PA0 Pin=STM32-48
Added Pin To Net: NetName=PA0 Pin=STM32-49
Added Pin To Net: NetName=PA0 Pin=SW3-2
Added Pin To Net: NetName=PA0 Pin=SW3-2
Added Pin To Net: NetName=PA0 Pin=TP14-1
Added Pin To Net: NetName=PA0 Pin=TP16-1
Added Pin To Net: NetName=PA0 Pin=U1-12
Added Pin To Net: NetName=PA0 Pin=U1-13
Added Pin To Net: NetName=PA0 Pin=U1-16
Added Pin To Net: NetName=PA0 Pin=U2-12
Added Pin To Net: NetName=PA0 Pin=U2-13
Added Pin To Net: NetName=PA0 Pin=U2-16
Added Pin To Net: NetName=PA0 Pin=U3-1
Added Pin To Net: NetName=PA0 Pin=U3-5
Added Pin To Net: NetName=PA0 Pin=U3-7
Added Pin To Net: NetName=PA0 Pin=U4-A1
Added Pin To Net: NetName=PA0 Pin=U4-B2
Added Pin To Net: NetName=PA0 Pin=U4-F1
Added Pin To Net: NetName=PA0 Pin=U4-F4
Added Pin To Net: NetName=PA0 Pin=Y1-2
Added Pin To Net: NetName=PA0 Pin=Y1-4
Added Net: Name=PA0
Added Pin To Net: NetName=PA1 Pin=STM32-8
Added Pin To Net: NetName=PA1 Pin=U1-4
Added Pin To Net: NetName=PA1 Pin=U2-4
Added Net: Name=PA1
Added Pin To Net: NetName=PA9 Pin=STM32-17
Added Pin To Net: NetName=PA9 Pin=U3-4
Added Pin To Net: NetName=PA9 Pin=U4-A4
Added Net: Name=PA9
Added Pin To Net: NetName=PB3 Pin=R18-1
Added Pin To Net: NetName=PB3 Pin=STM32-1
Added Net: Name=PB3
Added Pin To Net: NetName=PB6 Pin=R19-1
Added Pin To Net: NetName=PB6 Pin=STM32-4
Added Net: Name=PB6
Added Pin To Net: NetName=PGOOD1 Pin=R3-2
Added Pin To Net: NetName=PGOOD1 Pin=TP5-1
Added Pin To Net: NetName=PGOOD1 Pin=U4-B5
Added Net: Name=PGOOD1
Added Pin To Net: NetName=PGOOD2 Pin=R4-2
Added Pin To Net: NetName=PGOOD2 Pin=TP6-1
Added Pin To Net: NetName=PGOOD2 Pin=U4-C5
Added Net: Name=PGOOD2
Added Pin To Net: NetName=RFO_HP Pin=L4-2
Added Pin To Net: NetName=RFO_HP Pin=STM32-23
Added Net: Name=RFO_HP
Added Pin To Net: NetName=STP Pin=TP8-1
Added Pin To Net: NetName=STP Pin=U4-C2
Added Net: Name=STP
Added Pin To Net: NetName=SW1 Pin=L1-1
Added Pin To Net: NetName=SW1 Pin=U4-E1
Added Net: Name=SW1
Added Pin To Net: NetName=SW2A Pin=L2-1
Added Pin To Net: NetName=SW2A Pin=U4-B1
Added Net: Name=SW2A
Added Pin To Net: NetName=SW2B Pin=L2-2
Added Pin To Net: NetName=SW2B Pin=U4-A2
Added Net: Name=SW2B
Added Pin To Net: NetName=THR Pin=J1-2
Added Pin To Net: NetName=THR Pin=U4-B6
Added Net: Name=THR
Added Pin To Net: NetName=VBUS' Pin=C15-1
Added Pin To Net: NetName=VBUS' Pin=C16-1
Added Pin To Net: NetName=VBUS' Pin=J3-1
Added Pin To Net: NetName=VBUS' Pin=SW1-2
Added Pin To Net: NetName=VBUS' Pin=TP12-1
Added Net: Name=VBUS'
Added Pin To Net: NetName=VBUS Pin=C13-1
Added Pin To Net: NetName=VBUS Pin=SW1-1
Added Pin To Net: NetName=VBUS Pin=TP11-1
Added Pin To Net: NetName=VBUS Pin=U4-F6
Added Net: Name=VBUS
Added Pin To Net: NetName=VDDRF1V155 Pin=C24-1
Added Pin To Net: NetName=VDDRF1V155 Pin=L3-2
Added Pin To Net: NetName=VDDRF1V155 Pin=STM32-29
Added Pin To Net: NetName=VDDRF1V155 Pin=STM32-45
Added Net: Name=VDDRF1V155
Added Pin To Net: NetName=VDD Pin=C12-1
Added Pin To Net: NetName=VDD Pin=R3-1
Added Pin To Net: NetName=VDD Pin=R4-1
Added Pin To Net: NetName=VDD Pin=R8-1
Added Pin To Net: NetName=VDD Pin=R9-1
Added Pin To Net: NetName=VDD Pin=U4-F5
Added Net: Name=VDD
Added Pin To Net: NetName=VIDI Pin=R2-1
Added Pin To Net: NetName=VIDI Pin=U4-D2
Added Net: Name=VIDI
Added Pin To Net: NetName=VLi-Ion' Pin=J1-3
Added Pin To Net: NetName=VLi-Ion' Pin=SW2-2
Added Pin To Net: NetName=VLi-Ion' Pin=TP15-1
Added Net: Name=VLi-Ion'
Added Pin To Net: NetName=VLXSMPS Pin=SB1-1
Added Pin To Net: NetName=VLXSMPS Pin=STM32-47
Added Net: Name=VLXSMPS
Added Pin To Net: NetName=VR_PA Pin=C26-1
Added Pin To Net: NetName=VR_PA Pin=STM32-24
Added Net: Name=VR_PA
Added Pin To Net: NetName=VSYS Pin=C11-1
Added Pin To Net: NetName=VSYS Pin=R1-2
Added Pin To Net: NetName=VSYS Pin=R5-1
Added Pin To Net: NetName=VSYS Pin=R6-1
Added Pin To Net: NetName=VSYS Pin=R7-2
Added Pin To Net: NetName=VSYS Pin=TP3-1
Added Pin To Net: NetName=VSYS Pin=U4-E6
Added Net: Name=VSYS
Added Member To Class: ClassName=Bateria Member=Component C7 22uF
Added Member To Class: ClassName=Bateria Member=Component C8 1uF
Added Member To Class: ClassName=Bateria Member=Component C9 2nF
Added Member To Class: ClassName=Bateria Member=Component C10 1uF
Added Member To Class: ClassName=Bateria Member=Component C11 10uF
Added Member To Class: ClassName=Bateria Member=Component C12 1uF
Added Member To Class: ClassName=Bateria Member=Component C13 2u2
Added Member To Class: ClassName=Bateria Member=Component C14 4u7
Added Member To Class: ClassName=Bateria Member=Component L1 2.2µH
Added Member To Class: ClassName=Bateria Member=Component L2 2.2µH
